0 info it worked if it ends with ok
1 verbose cli [ '/usr/local/bin/node',
1 verbose cli   '/usr/local/bin/npm',
1 verbose cli   'install',
1 verbose cli   'http-server',
1 verbose cli   '-g' ]
2 info using npm@2.9.1
3 info using node@v0.12.3
4 verbose install initial load of /usr/local/lib/package.json
5 verbose readDependencies loading dependencies from /usr/local/lib/package.json
6 silly cache add args [ 'http-server', null ]
7 verbose cache add spec http-server
8 silly cache add parsed spec { raw: 'http-server',
8 silly cache add   scope: null,
8 silly cache add   name: 'http-server',
8 silly cache add   rawSpec: '',
8 silly cache add   spec: '*',
8 silly cache add   type: 'range' }
9 silly addNamed http-server@*
10 verbose addNamed "*" is a valid semver range for http-server
11 silly addNameRange { name: 'http-server', range: '*', hasData: false }
12 silly mapToRegistry name http-server
13 silly mapToRegistry using default registry
14 silly mapToRegistry registry https://registry.npmjs.org/
15 silly mapToRegistry uri https://registry.npmjs.org/http-server
16 verbose addNameRange registry:https://registry.npmjs.org/http-server not in flight; fetching
17 verbose request uri https://registry.npmjs.org/http-server
18 verbose request no auth needed
19 info attempt registry request try #1 at 21:06:06
20 verbose request id f5d13ba92b3f5e98
21 http request GET https://registry.npmjs.org/http-server
22 http 200 https://registry.npmjs.org/http-server
23 silly get cb [ 200,
23 silly get   { server: 'CouchDB/1.5.0 (Erlang OTP/R16B03)',
23 silly get     etag: '"C9P3XEQK7Z0LW9ROKCS8QB21S"',
23 silly get     'content-type': 'application/json',
23 silly get     'cache-control': 'max-age=60',
23 silly get     'content-length': '55223',
23 silly get     'accept-ranges': 'bytes',
23 silly get     date: 'Sun, 11 Oct 2015 02:06:06 GMT',
23 silly get     via: '1.1 varnish',
23 silly get     age: '0',
23 silly get     connection: 'keep-alive',
23 silly get     'x-served-by': 'cache-jfk1028-JFK',
23 silly get     'x-cache': 'HIT',
23 silly get     'x-cache-hits': '1',
23 silly get     'x-timer': 'S1444529166.648515,VS0,VE78',
23 silly get     vary: 'Accept' } ]
24 verbose get saving http-server to /home/vagrant/.npm/registry.npmjs.org/http-server/.cache.json
25 silly addNameRange number 2 { name: 'http-server', range: '*', hasData: true }
26 silly addNameRange versions [ 'http-server',
26 silly addNameRange   [ '0.1.0',
26 silly addNameRange     '0.1.1',
26 silly addNameRange     '0.1.3',
26 silly addNameRange     '0.2.1',
26 silly addNameRange     '0.2.2',
26 silly addNameRange     '0.2.3',
26 silly addNameRange     '0.2.4',
26 silly addNameRange     '0.2.5',
26 silly addNameRange     '0.2.6',
26 silly addNameRange     '0.2.9',
26 silly addNameRange     '0.3.0',
26 silly addNameRange     '0.4.0',
26 silly addNameRange     '0.4.1',
26 silly addNameRange     '0.5.0',
26 silly addNameRange     '0.5.1',
26 silly addNameRange     '0.5.2',
26 silly addNameRange     '0.5.3',
26 silly addNameRange     '0.5.5',
26 silly addNameRange     '0.6.0',
26 silly addNameRange     '0.6.1',
26 silly addNameRange     '0.7.0',
26 silly addNameRange     '0.7.1',
26 silly addNameRange     '0.7.2',
26 silly addNameRange     '0.7.3',
26 silly addNameRange     '0.7.4',
26 silly addNameRange     '0.7.5',
26 silly addNameRange     '0.8.0',
26 silly addNameRange     '0.8.1',
26 silly addNameRange     '0.8.2',
26 silly addNameRange     '0.8.3',
26 silly addNameRange     '0.8.4',
26 silly addNameRange     '0.8.5' ] ]
27 silly addNamed http-server@0.8.5
28 verbose addNamed "0.8.5" is a plain semver version for http-server
29 silly mapToRegistry name http-server
30 silly mapToRegistry using default registry
31 silly mapToRegistry registry https://registry.npmjs.org/
32 silly mapToRegistry uri https://registry.npmjs.org/http-server
33 verbose addRemoteTarball https://registry.npmjs.org/http-server/-/http-server-0.8.5.tgz not in flight; adding
34 verbose addRemoteTarball [ 'https://registry.npmjs.org/http-server/-/http-server-0.8.5.tgz',
34 verbose addRemoteTarball   'bbf27c9f09499e51a1fe1f979a6f39a45a04f2fb' ]
35 info retry fetch attempt 1 at 21:06:06
36 info attempt registry request try #1 at 21:06:06
37 http fetch GET https://registry.npmjs.org/http-server/-/http-server-0.8.5.tgz
38 http fetch 200 https://registry.npmjs.org/http-server/-/http-server-0.8.5.tgz
39 silly fetchAndShaCheck shasum bbf27c9f09499e51a1fe1f979a6f39a45a04f2fb
40 verbose addTmpTarball /tmp/npm-1581-f079b60e/registry.npmjs.org/http-server/-/http-server-0.8.5.tgz not in flight; adding
41 verbose addTmpTarball already have metadata; skipping unpack for http-server@0.8.5
42 silly cache afterAdd http-server@0.8.5
43 verbose afterAdd /home/vagrant/.npm/http-server/0.8.5/package/package.json not in flight; writing
44 verbose afterAdd /home/vagrant/.npm/http-server/0.8.5/package/package.json written
45 silly install resolved [ { name: 'http-server',
45 silly install resolved     version: '0.8.5',
45 silly install resolved     description: 'A simple zero-configuration command-line http server',
45 silly install resolved     main: './lib/http-server',
45 silly install resolved     repository:
45 silly install resolved      { type: 'git',
45 silly install resolved        url: 'git://github.com/indexzero/http-server.git' },
45 silly install resolved     keywords: [ 'cli', 'command' ],
45 silly install resolved     scripts:
45 silly install resolved      { start: 'node ./bin/http-server',
45 silly install resolved        pretest: 'common bin/http-server lib/ test',
45 silly install resolved        test: 'vows --spec --isolate' },
45 silly install resolved     contributors:
45 silly install resolved      [ [Object],
45 silly install resolved        [Object],
45 silly install resolved        [Object],
45 silly install resolved        [Object],
45 silly install resolved        [Object],
45 silly install resolved        [Object],
45 silly install resolved        [Object],
45 silly install resolved        [Object],
45 silly install resolved        [Object],
45 silly install resolved        [Object] ],
45 silly install resolved     dependencies:
45 silly install resolved      { colors: '1.0.3',
45 silly install resolved        optimist: '0.6.x',
45 silly install resolved        union: '~0.4.3',
45 silly install resolved        ecstatic: '~0.7.0',
45 silly install resolved        'http-proxy': '^1.8.1',
45 silly install resolved        portfinder: '0.4.x',
45 silly install resolved        opener: '~1.4.0',
45 silly install resolved        corser: '~2.0.0' },
45 silly install resolved     devDependencies: { 'common-style': '^3.0.0', request: '2.49.x', vows: '0.7.x' },
45 silly install resolved     bugs: { url: 'https://github.com/nodeapps/http-server/issues' },
45 silly install resolved     license: 'MIT',
45 silly install resolved     preferGlobal: 'true',
45 silly install resolved     bin: { 'http-server': './bin/http-server', hs: './bin/http-server' },
45 silly install resolved     gitHead: 'b8975be281a5705e71218597940e53034ebe41d4',
45 silly install resolved     homepage: 'https://github.com/indexzero/http-server#readme',
45 silly install resolved     _id: 'http-server@0.8.5',
45 silly install resolved     _shasum: 'bbf27c9f09499e51a1fe1f979a6f39a45a04f2fb',
45 silly install resolved     _from: 'http-server@*',
45 silly install resolved     _npmVersion: '2.14.5',
45 silly install resolved     _nodeVersion: '0.12.7',
45 silly install resolved     _npmUser: { name: 'indexzero', email: 'charlie.robbins@gmail.com' },
45 silly install resolved     maintainers: [ [Object] ],
45 silly install resolved     dist:
45 silly install resolved      { shasum: 'bbf27c9f09499e51a1fe1f979a6f39a45a04f2fb',
45 silly install resolved        tarball: 'http://registry.npmjs.org/http-server/-/http-server-0.8.5.tgz' },
45 silly install resolved     directories: {},
45 silly install resolved     _resolved: 'https://registry.npmjs.org/http-server/-/http-server-0.8.5.tgz' } ]
46 info install http-server@0.8.5 into /usr/local/lib
47 info installOne http-server@0.8.5
48 verbose installOne of http-server to /usr/local/lib not in flight; installing
49 verbose lock using /home/vagrant/.npm/_locks/http-server-ae30c9ae1f4c5eaa.lock for /usr/local/lib/node_modules/http-server
50 silly install write writing http-server 0.8.5 to /usr/local/lib/node_modules/http-server
51 verbose unbuild lib/node_modules/http-server
52 silly gentlyRm /usr/local/lib/node_modules/http-server is being purged from base /usr/local
53 verbose gentlyRm don't care about contents; nuking /usr/local/lib/node_modules/http-server
54 verbose tar unpack /home/vagrant/.npm/http-server/0.8.5/package.tgz
55 verbose tar unpacking to /usr/local/lib/node_modules/http-server
56 silly gentlyRm /usr/local/lib/node_modules/http-server is being purged
57 verbose gentlyRm don't care about contents; nuking /usr/local/lib/node_modules/http-server
58 silly gunzTarPerm modes [ '775', '664' ]
59 error tar.unpack untar error /home/vagrant/.npm/http-server/0.8.5/package.tgz
60 verbose unlock done using /home/vagrant/.npm/_locks/http-server-ae30c9ae1f4c5eaa.lock for /usr/local/lib/node_modules/http-server
61 verbose fstream_path /usr/local/lib/node_modules/http-server
62 verbose fstream_type Directory
63 verbose fstream_class DirWriter
64 verbose stack Error: EACCES, mkdir '/usr/local/lib/node_modules/http-server'
64 verbose stack     at Error (native)
65 verbose fstream_stack /usr/local/lib/node_modules/npm/node_modules/fstream/lib/dir-writer.js:36:23
65 verbose fstream_stack /usr/local/lib/node_modules/npm/node_modules/mkdirp/index.js:46:53
65 verbose fstream_stack FSReqWrap.oncomplete (fs.js:95:15)
66 verbose cwd /vagrant/evening-joint-project-banana-yellow
67 error Linux 3.16.0-30-generic
68 error argv "/usr/local/bin/node" "/usr/local/bin/npm" "install" "http-server" "-g"
69 error node v0.12.3
70 error npm  v2.9.1
71 error path /usr/local/lib/node_modules/http-server
72 error code EACCES
73 error errno -13
74 error Error: EACCES, mkdir '/usr/local/lib/node_modules/http-server'
74 error     at Error (native)
74 error  { [Error: EACCES, mkdir '/usr/local/lib/node_modules/http-server']
74 error   errno: -13,
74 error   code: 'EACCES',
74 error   path: '/usr/local/lib/node_modules/http-server',
74 error   fstream_type: 'Directory',
74 error   fstream_path: '/usr/local/lib/node_modules/http-server',
74 error   fstream_class: 'DirWriter',
74 error   fstream_stack:
74 error    [ '/usr/local/lib/node_modules/npm/node_modules/fstream/lib/dir-writer.js:36:23',
74 error      '/usr/local/lib/node_modules/npm/node_modules/mkdirp/index.js:46:53',
74 error      'FSReqWrap.oncomplete (fs.js:95:15)' ] }
75 error Please try running this command again as root/Administrator.
76 verbose exit [ -13, true ]
77 verbose unbuild lib/node_modules/http-server
78 silly gentlyRm /usr/local/lib/node_modules/http-server is being purged from base /usr/local
79 verbose gentlyRm don't care about contents; nuking /usr/local/lib/node_modules/http-server
